18:17:05.329 [main] INFO  com.intuit.karate.Runner - using system property 'karate.env': local
18:17:05.874 [main] DEBUG com.intuit.karate.Suite - [config] classpath:karate-config.js
18:17:11.139 [main] DEBUG com.intuit.karate - request:
1 > GET https://parabank.parasoft.com/parabank/services/bank/customers/12212/accounts
1 > Accept: application/json
1 > Host: parabank.parasoft.com
1 > Connection: Keep-Alive
1 > User-Agent: Apache-HttpClient/4.5.13 (Java/17.0.10)
1 > Accept-Encoding: gzip,deflate


18:17:12.753 [main] DEBUG com.intuit.karate - response time in milliseconds: 1604
1 < 200
1 < Date: Thu, 19 Jun 2025 23:17:12 GMT
1 < Content-Type: application/json
1 < Transfer-Encoding: chunked
1 < Connection: keep-alive
1 < Cf-Cache-Status: DYNAMIC
1 < X-Content-Type-Options: nosniff
1 < Server: cloudflare
1 < Cf-Ray: 9526bd114eff50fd-MIA
[{"id":12345,"customerId":12212,"type":"CHECKING","balance":-2300.00},{"id":12456,"customerId":12212,"type":"CHECKING","balance":10.45},{"id":12567,"customerId":12212,"type":"CHECKING","balance":100.00},{"id":12678,"customerId":12212,"type":"SAVINGS","balance":-100.00},{"id":12789,"customerId":12212,"type":"CHECKING","balance":100.00},{"id":12900,"customerId":12212,"type":"CHECKING","balance":0.00},{"id":13011,"customerId":12212,"type":"CHECKING","balance":100.00},{"id":13122,"customerId":12212,"type":"CHECKING","balance":1100.00},{"id":13233,"customerId":12212,"type":"CHECKING","balance":100.00},{"id":13344,"customerId":12212,"type":"SAVINGS","balance":1231.10},{"id":54321,"customerId":12212,"type":"CHECKING","balance":1351.12}]

18:17:16.794 [main] INFO  com.intuit.karate.Runner - using system property 'karate.env': local
18:17:16.832 [main] DEBUG com.intuit.karate.Suite - [config] classpath:karate-config.js
18:17:16.907 [main] DEBUG com.intuit.karate - request:
1 > GET https://parabank.parasoft.com/parabank/services/bank/login/john/demo
1 > Accept: application/json
1 > Host: parabank.parasoft.com
1 > Connection: Keep-Alive
1 > User-Agent: Apache-HttpClient/4.5.13 (Java/17.0.10)
1 > Accept-Encoding: gzip,deflate


18:17:17.854 [main] DEBUG com.intuit.karate - response time in milliseconds: 942
1 < 200
1 < Date: Thu, 19 Jun 2025 23:17:17 GMT
1 < Content-Type: application/json
1 < Transfer-Encoding: chunked
1 < Connection: keep-alive
1 < Cf-Cache-Status: DYNAMIC
1 < X-Content-Type-Options: nosniff
1 < Server: cloudflare
1 < Cf-Ray: 9526bd314db9a512-MIA
{"id":12212,"firstName":"John","lastName":"Smith","address":{"street":"1431 Main St","city":"Beverly Hills","state":"CA","zipCode":"90210"},"phoneNumber":"310-447-4121","ssn":"622-11-9999"}

